<?xml version="1.0" encoding="UTF-8"?>
<!-- Generated by org.testng.reporters.JUnitReportReporter -->
<testsuite hostname="DESKTOP-1JD54T5" failures="0" tests="1" name="com.qa.testcases.Tc_ImdbSign" time="9.657" errors="0" timestamp="2021-05-04T10:50:00 IST" skipped="0">
  <testcase classname="com.qa.testcases.Tc_ImdbSign" name="Sign" time="9.657"/>
  <system-out/>
</testsuite> <!-- com.qa.testcases.Tc_ImdbSign -->
