<?xml version="1.0" encoding="UTF-8"?>
<!-- Generated by org.testng.reporters.JUnitReportReporter -->
<testsuite hostname="DESKTOP-1JD54T5" failures="0" tests="3" name="com.qa.testcases.Tc_Imdb" time="30.651" errors="0" timestamp="2021-05-04T10:50:00 IST" skipped="0">
  <testcase classname="com.qa.testcases.Tc_Imdb" name="imdb" time="10.626"/>
  <system-out>
Marvel (II) (Production Manager, L'Age d'Or (1930)) Marilyn Stefano (Additional Crew, Two Bits (1995))
nickname "Marvel"  </system-out>
  <testcase classname="com.qa.testcases.Tc_Imdb" name="imdb" time="11.078"/>
  <system-out>
Two Distant Strangers (2020) (Short) Nine Perfect Strangers (2021) (TV Mini-Series) The Mighty Ducks: Game Changers (2021) (TV Series) Power Rangers (2017)  </system-out>
  <testcase classname="com.qa.testcases.Tc_Imdb" name="imdb" time="8.947"/>
  <system-out>
Srimanthudu (2015) Srimanthudu (1971)  </system-out>
</testsuite> <!-- com.qa.testcases.Tc_Imdb -->
