<?xml version="1.0" encoding="UTF-8"?>
<!-- Generated by org.testng.reporters.JUnitReportReporter -->
<testsuite skipped="0" hostname="DESKTOP-1JD54T5" name="com.qa.testcases.Tc_Imdb" tests="3" failures="0" timestamp="04 May 2021 05:37:43 GMT" time="31.447" errors="0">
  <testcase name="imdb" time="13.826" classname="com.qa.testcases.Tc_Imdb"/>
  <testcase name="imdb" time="9.133" classname="com.qa.testcases.Tc_Imdb"/>
  <testcase name="imdb" time="8.488" classname="com.qa.testcases.Tc_Imdb"/>
</testsuite> <!-- com.qa.testcases.Tc_Imdb -->
