<?xml version="1.0" encoding="UTF-8"?>
<!-- Generated by org.testng.reporters.JUnitReportReporter -->
<testsuite skipped="0" hostname="DESKTOP-1JD54T5" name="com.qa.testcases.Tc_ImdbSign" tests="1" failures="0" timestamp="04 May 2021 05:37:43 GMT" time="10.375" errors="0">
  <testcase name="Sign" time="10.375" classname="com.qa.testcases.Tc_ImdbSign"/>
</testsuite> <!-- com.qa.testcases.Tc_ImdbSign -->
